<?xml version="1.0" encoding="UTF-8"?>
<Site BuildName="(empty)"
	BuildStamp="20240505-0000-Experimental"
	Name="(empty)"
	Generator="ctest-3.29.1"
	CompilerName=""
	CompilerVersion=""
	OSName="Windows"
	Hostname="Lox"
	OSRelease=" Personal"
	OSVersion=" (Build 22631)"
	OSPlatform="AMD64"
	Is64Bits="1"
	VendorString="GenuineIntel"
	VendorID="Intel Corporation"
	FamilyID="6"
	ModelID="10"
	ProcessorCacheSize="-1"
	NumberOfLogicalCPU="12"
	NumberOfPhysicalCPU="10"
	TotalVirtualMemory="21328"
	TotalPhysicalMemory="8016"
	LogicalProcessorsPerPhysical="1"
	ProcessorClockFrequency="2496"
	>
	<Testing>
		<StartDateTime>May 04 19:23 Central Daylight Time</StartDateTime>
		<StartTestTime>1714868594</StartTestTime>
		<TestList>
			<Test>./test/CMakeTest</Test>
		</TestList>
		<Test Status="passed">
			<Name>CMakeTest</Name>
			<Path>./test</Path>
			<FullName>./test/CMakeTest</FullName>
			<FullCommandLine>C:\Users\hilla\OneDrive\Documents\GitHub\generalized-sporadic\build\test\Debug\CMakeTest.exe</FullCommandLine>
			<Results>
				<NamedMeasurement type="numeric/double" name="Execution Time">
					<Value>8.77629</Value>
				</NamedMeasurement>
				<NamedMeasurement type="numeric/double" name="Processors">
					<Value>1</Value>
				</NamedMeasurement>
				<NamedMeasurement type="text/string" name="Completion Status">
					<Value>Completed</Value>
				</NamedMeasurement>
				<NamedMeasurement type="text/string" name="Command Line">
					<Value>C:\Users\hilla\OneDrive\Documents\GitHub\generalized-sporadic\build\test\Debug\CMakeTest.exe</Value>
				</NamedMeasurement>
				<NamedMeasurement type="text/string" name="Environment">
					<Value>#CTEST_RESOURCE_GROUP_COUNT=</Value>
				</NamedMeasurement>
				<Measurement>
					<Value encoding="base64" compression="gzip">eJyVlEFvgjAUx+98infEg0SNybbDDkYXSWZGwlh2IByqPKUZtKyvuPntVyQyNBkr79KU/t7vkSb/xo9tJRBWQnBxgLsJaCRNsFeygPvzBqjiZvWceNxWAutcblneACiOXElRoDAw6nFV3sAPXesaBSqmMWL0QU4M4dsLnCu5PvKWTDB1ikynoZoKnnsocCdQ0KhPucEj5j4P1Eb2OTsYuNP/pJfdsl/awSz+tKV9biX1+QDpyka5GiCMbITRAOE719krYmrjvbAD9CETqSzqbzYDfmmLEQsifjhnYSHSp8+K5UFZH0vVN+rvrnakXaDAnRkctNQsHznXXfNul+eZkEYZJyiZ0iD3oDNs8iwrXVYavhiBwkIezdUSFzsEbrL+vTNXTQ2cKaRM5mndPZ3M5rA91S9F4vwAkDhepw==</Value>
				</Measurement>
			</Results>
		</Test>
		<EndDateTime>May 04 19:23 Central Daylight Time</EndDateTime>
		<EndTestTime>1714868602</EndTestTime>
		<ElapsedMinutes>0</ElapsedMinutes>
	</Testing>
</Site>
